-------------------------------------------------------------------------------
Test set: com.example.HRMS.HrmsApplicationTests
-------------------------------------------------------------------------------
Tests run: 1, Failures: 0, Errors: 1, Skipped: 0, Time elapsed: 4.542 s <<< FAILURE! - in com.example.HRMS.HrmsApplicationTests
contextLoads  Time elapsed: 0.002 s  <<< ERROR!
java.lang.IllegalStateException: Failed to load ApplicationContext
Caused by: org.springframework.beans.factory.UnsatisfiedDependencyException: Error creating bean with name 'employeesController' defined in file [C:\JavaReactCamp\HRMS\HRMS\target\classes\com\example\HRMS\api\controllers\EmployeesController.class]: Unsatisfied dependency expressed through constructor parameter 0; nested exception is org.springframework.beans.factory.NoSuchBeanDefinitionException: No qualifying bean of type 'com.example.HRMS.business.abstracts.EmployeeService' available: expected at least 1 bean which qualifies as autowire candidate. Dependency annotations: {}
Caused by: org.springframework.beans.factory.NoSuchBeanDefinitionException: No qualifying bean of type 'com.example.HRMS.business.abstracts.EmployeeService' available: expected at least 1 bean which qualifies as autowire candidate. Dependency annotations: {}

